Beginning trial 2 of 3
Gathering sys log on 9029gp-tnvrt-0
:::MLL 1575549026.507 submission_benchmark: {"value": "transformer", "metadata": {"file": "mlperf_log_utils.py", "lineno": 225}}
:::MLL 1575549026.508 submission_org: {"value": "NVIDIA", "metadata": {"file": "mlperf_log_utils.py", "lineno": 230}}
WARNING: Log validation: Key "submission_division" is not in known transformer keys.
:::MLL 1575549026.509 submission_division: {"value": "closed", "metadata": {"file": "mlperf_log_utils.py", "lineno": 234}}
:::MLL 1575549026.510 submission_status: {"value": "onprem", "metadata": {"file": "mlperf_log_utils.py", "lineno": 238}}
:::MLL 1575549026.511 submission_platform: {"value": "1xSYS-9029GP-TNVRT", "metadata": {"file": "mlperf_log_utils.py", "lineno": 242}}
:::MLL 1575549026.512 submission_entry: {"value": "{'hardware': 'SYS-9029GP-TNVRT', 'framework': 'PyTorch NVIDIA Release 19.05', 'power': 'N/A', 'notes': 'N/A', 'interconnect': 'InfiniBand 100 Gb/sec (4X EDR)', 'os': 'Ubuntu 18.04.3 LTS / ', 'libraries': \"{'container_base': 'Ubuntu-16.04', 'openmpi_version': '3.1.3', 'mofed_version': '4.7-1.0.0', 'cuda_version': '10.1.163', 'cuda_driver_version': '418.67', 'nccl_version': '2.4.6', 'cudnn_version': '7.6.0.64', 'cublas_version': '10.2.0.163', 'trt_version': '5.1.5.0', 'dali_version': '0.9.1'}\", 'compilers': 'gcc (Ubuntu 5.4.0-6ubuntu1~16.04.11) 5.4.0 20160609', 'nodes': \"{'num_nodes': '1', 'cpu': '2x Intel(R) Xeon(R) Platinum 8268 CPU @ 2.90GHz', 'num_cores': '48', 'num_vcpus': '96', 'accelerator': 'Tesla V100-SXM3-32GB', 'num_accelerators': '16', 'sys_mem_size': '754 GB', 'sys_storage_type': 'NVMe SSD', 'sys_storage_size': '1x 894.3G + 1x 3.7T', 'cpu_accel_interconnect': 'UPI', 'network_card': 'Mellanox Technologies MT27800 Family [ConnectX-5]', 'num_network_cards': '8', 'notes': ''}\"}", "metadata": {"file": "mlperf_log_utils.py", "lineno": 246}}
:::MLL 1575549026.512 submission_poc_name: {"value": "Paulius Micikevicius", "metadata": {"file": "mlperf_log_utils.py", "lineno": 250}}
:::MLL 1575549026.513 submission_poc_email: {"value": "pauliusm@nvidia.com", "metadata": {"file": "mlperf_log_utils.py", "lineno": 254}}
Clearing caches
:::MLL 1575549027.313 cache_clear: {"value": true, "metadata": {"file": "<string>", "lineno": 1}}
Launching on node 9029gp-tnvrt-0
+ pids+=($!)
+ set +x
++ eval echo
+++ echo
+ docker exec -e DGXSYSTEM=LambdaHyperplane16 -e 'MULTI_NODE= --master_port=4396' -e 'SEED=     7758381' -e SLURM_JOB_ID=191205041745770611882 -e SLURM_NTASKS_PER_NODE= -e SLURM_NNODES=1 -e MODE=TRAIN cont_191205041745770611882 ./run_and_time.sh
Run vars: id 191205041745770611882 gpus 16 mparams  --master_port=4396
+ SEED='     7758381'
+ MAX_TOKENS=8192
+ DATASET_DIR=/data
+ MODE=TRAIN
+ NUMEPOCHS=30
+ case "$MODE" in
+ source run_training.sh
+++ date +%s
++ START=1575549027
+++ date '+%Y-%m-%d %r'
++ START_FMT='2019-12-05 12:30:27 PM'
STARTING TIMING RUN AT 2019-12-05 12:30:27 PM
++ echo 'STARTING TIMING RUN AT 2019-12-05 12:30:27 PM'
++ [[ 16 -ne 1 ]]
++ DISTRIBUTED_INIT_METHOD='--distributed-init-method env://'
++ export DGXSYSTEM
++ export SLURM_NTASKS_PER_NODE
++ export SLURM_NNODES
++ export MLPERF_HOST_OS
++ python -m bind_launch --nsockets_per_node 2 --ncores_per_socket 24 --nproc_per_node 16 --master_port=4396 train.py /data --seed 7758381 --arch transformer_wmt_en_de_big_t2t --share-all-embeddings --optimizer adam --adam-betas '(0.9, 0.997)' --adam-eps 1e-9 --clip-norm 0.0 --lr-scheduler inverse_sqrt --warmup-init-lr 0.0 --warmup-updates 1000 --lr 1.976e-3 --min-lr 0.0 --dropout 0.1 --weight-decay 0.0 --criterion label_smoothed_cross_entropy --label-smoothing 0.1 --max-tokens 8192 --max-epoch 30 --target-bleu 25.0 --ignore-case --no-save --update-freq 1 --fp16 --seq-len-multiple 2 --softmax-type fast_fill --source_lang en --target_lang de --bucket_growth_factor 1.035 --batching_scheme v0p5_better --batch_multiple_strategy dynamic --fast-xentropy --max-len-a 1 --max-len-b 50 --lenpen 0.6 --distributed-init-method env:// --max-source-positions 80 --max-target-positions 80 --enable-parallel-backward-allred-opt --parallel-backward-allred-opt-threshold 147566182 --parallel-backward-allred-cuda-nstreams 2 --adam-betas '(0.9,0.98)'
| distributed init (rank 0): env://
| distributed env init. MASTER_ADDR: 127.0.0.1, MASTER_PORT: 4396, WORLD_SIZE: 16, RANK: 9
| distributed init (rank 0): env://
| distributed env init. MASTER_ADDR: 127.0.0.1, MASTER_PORT: 4396, WORLD_SIZE: 16, RANK: 11
| distributed init (rank 0): env://
| distributed env init. MASTER_ADDR: 127.0.0.1, MASTER_PORT: 4396, WORLD_SIZE: 16, RANK: 10
| distributed init (rank 0): env://
| distributed env init. MASTER_ADDR: 127.0.0.1, MASTER_PORT: 4396, WORLD_SIZE: 16, RANK: 6
| distributed init (rank 0): env://
| distributed env init. MASTER_ADDR: 127.0.0.1, MASTER_PORT: 4396, WORLD_SIZE: 16, RANK: 0
| distributed init (rank 0): env://
| distributed env init. MASTER_ADDR: 127.0.0.1, MASTER_PORT: 4396, WORLD_SIZE: 16, RANK: 8
| distributed init done!
| distributed init (rank 0): env://
| distributed env init. MASTER_ADDR: 127.0.0.1, MASTER_PORT: 4396, WORLD_SIZE: 16, RANK: 2
| distributed init done!
| distributed init (rank 0): env://
| distributed env init. MASTER_ADDR: 127.0.0.1, MASTER_PORT: 4396, WORLD_SIZE: 16, RANK: 3
| distributed init done!
| distributed init (rank 0): env://
| distributed env init. MASTER_ADDR: 127.0.0.1, MASTER_PORT: 4396, WORLD_SIZE: 16, RANK: 1
:::MLL 1575549035.343 init_start: {"value": null, "metadata": {"file": "train.py", "lineno": 57}}
| distributed init (rank 0): env://
| distributed env init. MASTER_ADDR: 127.0.0.1, MASTER_PORT: 4396, WORLD_SIZE: 16, RANK: 4
:::MLL 1575549035.348 init_start: {"value": null, "metadata": {"file": "train.py", "lineno": 57}}
| distributed init (rank 0): env://
| distributed env init. MASTER_ADDR: 127.0.0.1, MASTER_PORT: 4396, WORLD_SIZE: 16, RANK: 7
| distributed init (rank 0): env://
| distributed env init. MASTER_ADDR: 127.0.0.1, MASTER_PORT: 4396, WORLD_SIZE: 16, RANK: 15
| distributed init (rank 0): env://
| distributed env init. MASTER_ADDR: 127.0.0.1, MASTER_PORT: 4396, WORLD_SIZE: 16, RANK: 5
| distributed init (rank 0): env://
| distributed env init. MASTER_ADDR: 127.0.0.1, MASTER_PORT: 4396, WORLD_SIZE: 16, RANK: 13
| distributed init (rank 0): env://
| distributed env init. MASTER_ADDR: 127.0.0.1, MASTER_PORT: 4396, WORLD_SIZE: 16, RANK: 12
| distributed init (rank 0): env://
| distributed env init. MASTER_ADDR: 127.0.0.1, MASTER_PORT: 4396, WORLD_SIZE: 16, RANK: 14
:::MLL 1575549035.362 init_start: {"value": null, "metadata": {"file": "train.py", "lineno": 57}}
| distributed init done!
| distributed init done!
| distributed init done!
| distributed init done!
| distributed init done!
| distributed init done!
| distributed init done!
| distributed init done!
:::MLL 1575549035.402 init_start: {"value": null, "metadata": {"file": "train.py", "lineno": 57}}
:::MLL 1575549035.402 init_start: {"value": null, "metadata": {"file": "train.py", "lineno": 57}}
:::MLL 1575549035.402 init_start: {"value": null, "metadata": {"file": "train.py", "lineno": 57}}
:::MLL 1575549035.402 init_start: {"value": null, "metadata": {"file": "train.py", "lineno": 57}}
:::MLL 1575549035.405 init_start: {"value": null, "metadata": {"file": "train.py", "lineno": 57}}
:::MLL 1575549035.405 init_start: {"value": null, "metadata": {"file": "train.py", "lineno": 57}}
:::MLL 1575549035.405 init_start: {"value": null, "metadata": {"file": "train.py", "lineno": 57}}
:::MLL 1575549035.405 init_start: {"value": null, "metadata": {"file": "train.py", "lineno": 57}}
| distributed init done!
:::MLL 1575549036.240 init_start: {"value": null, "metadata": {"file": "train.py", "lineno": 57}}
| distributed init done!
| distributed init done!
| distributed init done!
| distributed init done!
| initialized host 9029gp-tnvrt-0 as rank 0 and device id 0
:::MLL 1575549036.299 init_start: {"value": null, "metadata": {"file": "train.py", "lineno": 57}}
:::MLL 1575549036.313 init_start: {"value": null, "metadata": {"file": "train.py", "lineno": 57}}
:::MLL 1575549036.318 init_start: {"value": null, "metadata": {"file": "train.py", "lineno": 57}}
:::MLL 1575549036.325 init_start: {"value": null, "metadata": {"file": "train.py", "lineno": 57}}
Namespace(adam_betas='(0.9,0.98)', adam_eps=1e-09, adaptive_softmax_cutoff=None, arch='transformer_wmt_en_de_big_t2t', attention_dropout=0.1, batch_multiple_strategy='dynamic', batching_scheme='v0p5_better', beam=4, bucket_growth_factor=1.035, clip_norm=0.0, cpu=False, criterion='label_smoothed_cross_entropy', data='/data', dataloader_num_workers=1, decoder_attention_heads=16, decoder_embed_dim=1024, decoder_embed_path=None, decoder_ffn_embed_dim=4096, decoder_layers=6, decoder_learned_pos=False, decoder_normalize_before=True, device_id=0, distributed_backend='nccl', distributed_init_method='env://', distributed_port=-1, distributed_rank=0, distributed_world_size=16, dropout=0.1, enable_dataloader_pin_memory=False, enable_parallel_backward_allred_opt=True, enable_parallel_backward_allred_opt_correctness_check=False, encoder_attention_heads=16, encoder_embed_dim=1024, encoder_embed_path=None, encoder_ffn_embed_dim=4096, encoder_layers=6, encoder_learned_pos=False, encoder_normalize_before=True, fast_xentropy=True, fp16=True, fuse_dropout_add=False, fuse_relu_dropout=False, gen_subset='test', ignore_case=True, keep_interval_updates=-1, label_smoothing=0.1, left_pad_source='True', left_pad_target='False', lenpen=0.6, local_rank=0, log_format=None, log_interval=1000, log_translations=False, lr=[0.001976], lr_scheduler='inverse_sqrt', lr_shrink=0.1, max_epoch=30, max_len_a=1.0, max_len_b=50, max_sentences=None, max_sentences_valid=None, max_source_positions=80, max_target_positions=80, max_tokens=8192, max_update=0, min_len=1, min_loss_scale=0.0001, min_lr=0.0, model_overrides='{}', momentum=0.99, nbest=1, no_beamable_mm=False, no_early_stop=False, no_epoch_checkpoints=False, no_progress_bar=False, no_save=True, no_token_positional_embeddings=False, num_shards=1, online_eval=False, optimizer='adam', parallel_backward_allred_cuda_nstreams=2, parallel_backward_allred_opt_threshold=147566182, path=None, prefix_size=0, print_alignment=False, profile=None, quiet=False, raw_text=False, relu_dropout=0.1, remove_bpe=None, replace_unk=None, restore_file='checkpoint_last.pt', sampling=False, sampling_temperature=1, sampling_topk=-1, save_dir='checkpoints', save_interval=1, save_interval_updates=0, score_reference=False, seed=7758381, sentence_avg=False, seq_len_multiple=2, shard_id=0, share_all_embeddings=True, share_decoder_input_output_embed=False, skip_invalid_size_inputs_valid_test=False, softmax_type='fast_fill', source_lang='en', target_bleu=25.0, target_lang='de', task='translation', train_subset='train', unkpen=0, unnormalized=False, update_freq=[1], valid_subset='valid', validate_interval=1, warmup_init_lr=0.0, warmup_updates=1000, weight_decay=0.0)
:::MLL 1575549051.646 global_batch_size: {"value": 131072, "metadata": {"file": "train.py", "lineno": 74}}
:::MLL 1575549051.646 opt_name: {"value": "adam", "metadata": {"file": "train.py", "lineno": 75}}
:::MLL 1575549051.646 opt_base_learning_rate: {"value": 0.001976, "metadata": {"file": "train.py", "lineno": 77}}
:::MLL 1575549051.647 opt_learning_rate_warmup_steps: {"value": 1000, "metadata": {"file": "train.py", "lineno": 78}}
:::MLL 1575549051.647 max_sequence_length: {"value": 80, "metadata": {"file": "train.py", "lineno": 80}}
:::MLL 1575549051.647 opt_adam_beta_1: {"value": 0.9, "metadata": {"file": "train.py", "lineno": 81}}
:::MLL 1575549051.647 opt_adam_beta_2: {"value": 0.98, "metadata": {"file": "train.py", "lineno": 82}}
:::MLL 1575549051.648 opt_adam_epsilon: {"value": 1e-09, "metadata": {"file": "train.py", "lineno": 83}}
| [en] dictionary: 33712 types
| [de] dictionary: 33712 types
| model transformer_wmt_en_de_big_t2t, criterion LabelSmoothedCrossEntropyCriterion
| num. model params: 210808832
| parallel all-reduce ENABLED. all-reduce threshold: 147566182
| # of parallel all-reduce cuda streams: 2
| training on 16 GPUs
| max tokens per GPU = 8192 and max sentences per GPU = None
:::MLL 1575549065.259 init_stop: {"value": null, "metadata": {"file": "train.py", "lineno": 140}}
:::MLL 1575549065.260 run_start: {"value": null, "metadata": {"file": "train.py", "lineno": 142}}
filename: /data/train.en-de.en
raw_text: False
| /data train 4590101 examples
filename: /data/train1.en-de.en
raw_text: False
filename: /data/train1.de-en.en
raw_text: False
srcline: tensor([  341,    17,   152,   228,    10,    29,    26, 15834,    25,     4,     2])
| Sentences are being padded to multiples of: 2
filename: /data/test.en-de.en
raw_text: False
| /data test 3003 examples
srcline: tensor([ 7549,  4344,    64, 32364,  1259,    20, 13504,  8959,  3868,     2])
| Sentences are being padded to multiples of: 2
filename: /data/test1.en-de.en
raw_text: False
filename: /data/test1.de-en.en
raw_text: False
:::MLL 1575549068.810 block_start: {"value": null, "metadata": {"first_epoch_num": 1, "epoch_count": 1, "file": "train.py", "lineno": 162}}
:::MLL 1575549068.810 epoch_start: {"value": null, "metadata": {"epoch_num": 1, "file": "train.py", "lineno": 163}}
generated 18213 batches in 2.292575s
got epoch iterator 2.294529676437378
| WARNING: overflow detected, setting loss scale to: 64.0
| WARNING: overflow detected, setting loss scale to: 32.0
| WARNING: overflow detected, setting loss scale to: 16.0
| WARNING: overflow detected, setting loss scale to: 8.0
| WARNING: overflow detected, setting loss scale to: 4.0
| epoch 001:   1000 / 1139 loss=7.401, nll_loss=0.000, ppl=1.00, wps=622765, ups=4.8, wpb=119044, bsz=3915, num_updates=996, lr=0.0019681, gnorm=58164.241, clip=100%, oom=0, loss_scale=4.000, wall=207
| epoch 001 | loss 7.131 | nll_loss 0.000 | ppl 1.00 | wps 622254 | ups 4.9 | wpb 118874 | bsz 3908 | num_updates 1134 | lr 0.00185558 | gnorm 51913.156 | clip 100% | oom 0 | loss_scale 4.000 | wall 233
epoch time  217.00201964378357
:::MLL 1575549288.109 epoch_stop: {"value": null, "metadata": {"epoch_num": 1, "file": "train.py", "lineno": 201}}
:::MLL 1575549288.110 eval_start: {"value": null, "metadata": {"epoch_num": 1, "file": "train.py", "lineno": 547}}
generated 58 batches in 0.000703s
| Translated 217 sentences (5258 tokens) in 2.0s (108.84 sentences/s, 2637.31 tokens/s)
| Generate test with beam=4: bleu_score=20.0677
| Eval completed in: 3.66s
:::MLL 1575549291.771 eval_stop: {"value": null, "metadata": {"epoch_num": 1, "file": "train.py", "lineno": 658}}
:::MLL 1575549291.774 eval_accuracy: {"value": "20.067663490772247", "metadata": {"epoch_num": 1, "file": "train.py", "lineno": 211}}
validation and scoring  3.6671998500823975
:::MLL 1575549291.845 block_stop: {"value": null, "metadata": {"first_epoch_num": 1, "file": "train.py", "lineno": 226}}
:::MLL 1575549291.846 block_start: {"value": null, "metadata": {"first_epoch_num": 2, "epoch_count": 1, "file": "train.py", "lineno": 162}}
:::MLL 1575549291.846 epoch_start: {"value": null, "metadata": {"epoch_num": 2, "file": "train.py", "lineno": 163}}
generated 18213 batches in 2.276238s
got epoch iterator 2.3513295650482178
| epoch 002:   1000 / 1139 loss=4.759, nll_loss=0.000, ppl=1.00, wps=626711, ups=5.1, wpb=118986, bsz=3903, num_updates=2135, lr=0.00135235, gnorm=29764.861, clip=100%, oom=0, loss_scale=4.000, wall=430
| epoch 002 | loss 4.736 | nll_loss 0.000 | ppl 1.00 | wps 626082 | ups 5.1 | wpb 118868 | bsz 3911 | num_updates 2273 | lr 0.00131065 | gnorm 28173.369 | clip 100% | oom 0 | loss_scale 4.000 | wall 456
epoch time  216.45725393295288
:::MLL 1575549510.658 epoch_stop: {"value": null, "metadata": {"epoch_num": 2, "file": "train.py", "lineno": 201}}
:::MLL 1575549510.658 eval_start: {"value": null, "metadata": {"epoch_num": 2, "file": "train.py", "lineno": 547}}
generated 58 batches in 0.000690s
| Translated 217 sentences (5533 tokens) in 1.9s (116.18 sentences/s, 2962.34 tokens/s)
| Generate test with beam=4: bleu_score=24.0035
| Eval completed in: 3.39s
:::MLL 1575549514.052 eval_stop: {"value": null, "metadata": {"epoch_num": 2, "file": "train.py", "lineno": 658}}
:::MLL 1575549514.055 eval_accuracy: {"value": "24.003523588180542", "metadata": {"epoch_num": 2, "file": "train.py", "lineno": 211}}
validation and scoring  3.3998868465423584
:::MLL 1575549514.127 block_stop: {"value": null, "metadata": {"first_epoch_num": 2, "file": "train.py", "lineno": 226}}
:::MLL 1575549514.127 block_start: {"value": null, "metadata": {"first_epoch_num": 3, "epoch_count": 1, "file": "train.py", "lineno": 162}}
:::MLL 1575549514.127 epoch_start: {"value": null, "metadata": {"epoch_num": 3, "file": "train.py", "lineno": 163}}
generated 18213 batches in 2.312983s
got epoch iterator 2.389866590499878
| epoch 003:   1000 / 1139 loss=4.422, nll_loss=0.000, ppl=1.00, wps=626842, ups=5.1, wpb=118945, bsz=3912, num_updates=3274, lr=0.00109206, gnorm=20998.664, clip=100%, oom=0, loss_scale=8.000, wall=652
| epoch 003 | loss 4.418 | nll_loss 0.000 | ppl 1.00 | wps 626076 | ups 5.1 | wpb 118868 | bsz 3911 | num_updates 3412 | lr 0.00106975 | gnorm 20372.100 | clip 100% | oom 0 | loss_scale 8.000 | wall 678
epoch time  216.44338297843933
:::MLL 1575549732.963 epoch_stop: {"value": null, "metadata": {"epoch_num": 3, "file": "train.py", "lineno": 201}}
:::MLL 1575549732.964 eval_start: {"value": null, "metadata": {"epoch_num": 3, "file": "train.py", "lineno": 547}}
generated 58 batches in 0.000670s
| Translated 217 sentences (5532 tokens) in 1.9s (113.54 sentences/s, 2894.57 tokens/s)
| Generate test with beam=4: bleu_score=25.5077
| Eval completed in: 3.15s
:::MLL 1575549736.118 eval_stop: {"value": null, "metadata": {"epoch_num": 3, "file": "train.py", "lineno": 658}}
:::MLL 1575549736.121 eval_accuracy: {"value": "25.50768554210663", "metadata": {"epoch_num": 3, "file": "train.py", "lineno": 211}}
validation and scoring  3.1606521606445312
:::MLL 1575549736.194 block_stop: {"value": null, "metadata": {"first_epoch_num": 3, "file": "train.py", "lineno": 226}}
:::MLL 1575549736.194 run_stop: {"value": null, "metadata": {"status": "success", "file": "train.py", "lineno": 231}}
| done training in 676.2 seconds
++ ret_code=0
++ sleep 3
++ [[ 0 != 0 ]]
+++ date +%s
++ END=1575549744
+++ date '+%Y-%m-%d %r'
++ END_FMT='2019-12-05 12:42:24 PM'
++ echo 'ENDING TIMING RUN AT 2019-12-05 12:42:24 PM'
ENDING TIMING RUN AT 2019-12-05 12:42:24 PM
++ RESULT=717
++ RESULT_NAME=transformer
RESULT,transformer,     7758381,717,,2019-12-05 12:30:27 PM
++ echo 'RESULT,transformer,     7758381,717,,2019-12-05 12:30:27 PM'
+ set +x
