Beginning trial 3 of 3
Gathering sys log on 9029gp-tnvrt-0
:::MLL 1575549745.506 submission_benchmark: {"value": "transformer", "metadata": {"file": "mlperf_log_utils.py", "lineno": 225}}
:::MLL 1575549745.507 submission_org: {"value": "NVIDIA", "metadata": {"file": "mlperf_log_utils.py", "lineno": 230}}
WARNING: Log validation: Key "submission_division" is not in known transformer keys.
:::MLL 1575549745.508 submission_division: {"value": "closed", "metadata": {"file": "mlperf_log_utils.py", "lineno": 234}}
:::MLL 1575549745.509 submission_status: {"value": "onprem", "metadata": {"file": "mlperf_log_utils.py", "lineno": 238}}
:::MLL 1575549745.510 submission_platform: {"value": "1xSYS-9029GP-TNVRT", "metadata": {"file": "mlperf_log_utils.py", "lineno": 242}}
:::MLL 1575549745.511 submission_entry: {"value": "{'hardware': 'SYS-9029GP-TNVRT', 'framework': 'PyTorch NVIDIA Release 19.05', 'power': 'N/A', 'notes': 'N/A', 'interconnect': 'InfiniBand 100 Gb/sec (4X EDR)', 'os': 'Ubuntu 18.04.3 LTS / ', 'libraries': \"{'container_base': 'Ubuntu-16.04', 'openmpi_version': '3.1.3', 'mofed_version': '4.7-1.0.0', 'cuda_version': '10.1.163', 'cuda_driver_version': '418.67', 'nccl_version': '2.4.6', 'cudnn_version': '7.6.0.64', 'cublas_version': '10.2.0.163', 'trt_version': '5.1.5.0', 'dali_version': '0.9.1'}\", 'compilers': 'gcc (Ubuntu 5.4.0-6ubuntu1~16.04.11) 5.4.0 20160609', 'nodes': \"{'num_nodes': '1', 'cpu': '2x Intel(R) Xeon(R) Platinum 8268 CPU @ 2.90GHz', 'num_cores': '48', 'num_vcpus': '96', 'accelerator': 'Tesla V100-SXM3-32GB', 'num_accelerators': '16', 'sys_mem_size': '754 GB', 'sys_storage_type': 'NVMe SSD', 'sys_storage_size': '1x 894.3G + 1x 3.7T', 'cpu_accel_interconnect': 'UPI', 'network_card': 'Mellanox Technologies MT27800 Family [ConnectX-5]', 'num_network_cards': '8', 'notes': ''}\"}", "metadata": {"file": "mlperf_log_utils.py", "lineno": 246}}
:::MLL 1575549745.512 submission_poc_name: {"value": "Paulius Micikevicius", "metadata": {"file": "mlperf_log_utils.py", "lineno": 250}}
:::MLL 1575549745.512 submission_poc_email: {"value": "pauliusm@nvidia.com", "metadata": {"file": "mlperf_log_utils.py", "lineno": 254}}
Clearing caches
:::MLL 1575549746.309 cache_clear: {"value": true, "metadata": {"file": "<string>", "lineno": 1}}
Launching on node 9029gp-tnvrt-0
+ pids+=($!)
+ set +x
++ eval echo
+++ echo
+ docker exec -e DGXSYSTEM=LambdaHyperplane16 -e 'MULTI_NODE= --master_port=4396' -e 'SEED=     4258083' -e SLURM_JOB_ID=191205041745770611882 -e SLURM_NTASKS_PER_NODE= -e SLURM_NNODES=1 -e MODE=TRAIN cont_191205041745770611882 ./run_and_time.sh
Run vars: id 191205041745770611882 gpus 16 mparams  --master_port=4396
+ SEED='     4258083'
+ MAX_TOKENS=8192
+ DATASET_DIR=/data
+ MODE=TRAIN
+ NUMEPOCHS=30
+ case "$MODE" in
+ source run_training.sh
+++ date +%s
++ START=1575549746
+++ date '+%Y-%m-%d %r'
++ START_FMT='2019-12-05 12:42:26 PM'
++ echo 'STARTING TIMING RUN AT 2019-12-05 12:42:26 PM'
STARTING TIMING RUN AT 2019-12-05 12:42:26 PM
++ [[ 16 -ne 1 ]]
++ DISTRIBUTED_INIT_METHOD='--distributed-init-method env://'
++ export DGXSYSTEM
++ export SLURM_NTASKS_PER_NODE
++ export SLURM_NNODES
++ export MLPERF_HOST_OS
++ python -m bind_launch --nsockets_per_node 2 --ncores_per_socket 24 --nproc_per_node 16 --master_port=4396 train.py /data --seed 4258083 --arch transformer_wmt_en_de_big_t2t --share-all-embeddings --optimizer adam --adam-betas '(0.9, 0.997)' --adam-eps 1e-9 --clip-norm 0.0 --lr-scheduler inverse_sqrt --warmup-init-lr 0.0 --warmup-updates 1000 --lr 1.976e-3 --min-lr 0.0 --dropout 0.1 --weight-decay 0.0 --criterion label_smoothed_cross_entropy --label-smoothing 0.1 --max-tokens 8192 --max-epoch 30 --target-bleu 25.0 --ignore-case --no-save --update-freq 1 --fp16 --seq-len-multiple 2 --softmax-type fast_fill --source_lang en --target_lang de --bucket_growth_factor 1.035 --batching_scheme v0p5_better --batch_multiple_strategy dynamic --fast-xentropy --max-len-a 1 --max-len-b 50 --lenpen 0.6 --distributed-init-method env:// --max-source-positions 80 --max-target-positions 80 --enable-parallel-backward-allred-opt --parallel-backward-allred-opt-threshold 147566182 --parallel-backward-allred-cuda-nstreams 2 --adam-betas '(0.9,0.98)'
| distributed init (rank 0): env://
| distributed env init. MASTER_ADDR: 127.0.0.1, MASTER_PORT: 4396, WORLD_SIZE: 16, RANK: 12
| distributed init (rank 0): env://
| distributed env init. MASTER_ADDR: 127.0.0.1, MASTER_PORT: 4396, WORLD_SIZE: 16, RANK: 3
| distributed init (rank 0): env://
| distributed env init. MASTER_ADDR: 127.0.0.1, MASTER_PORT: 4396, WORLD_SIZE: 16, RANK: 13
| distributed init (rank 0): env://
| distributed env init. MASTER_ADDR: 127.0.0.1, MASTER_PORT: 4396, WORLD_SIZE: 16, RANK: 7
| distributed init (rank 0): env://
| distributed env init. MASTER_ADDR: 127.0.0.1, MASTER_PORT: 4396, WORLD_SIZE: 16, RANK: 9
| distributed init (rank 0): env://
| distributed env init. MASTER_ADDR: 127.0.0.1, MASTER_PORT: 4396, WORLD_SIZE: 16, RANK: 14
| distributed init (rank 0): env://
| distributed env init. MASTER_ADDR: 127.0.0.1, MASTER_PORT: 4396, WORLD_SIZE: 16, RANK: 2
| distributed init (rank 0): env://
| distributed env init. MASTER_ADDR: 127.0.0.1, MASTER_PORT: 4396, WORLD_SIZE: 16, RANK: 8
| distributed init (rank 0): env://
| distributed env init. MASTER_ADDR: 127.0.0.1, MASTER_PORT: 4396, WORLD_SIZE: 16, RANK: 6
| distributed init (rank 0): env://
| distributed env init. MASTER_ADDR: 127.0.0.1, MASTER_PORT: 4396, WORLD_SIZE: 16, RANK: 15
| distributed init (rank 0): env://
| distributed env init. MASTER_ADDR: 127.0.0.1, MASTER_PORT: 4396, WORLD_SIZE: 16, RANK: 1
| distributed init (rank 0): env://
| distributed env init. MASTER_ADDR: 127.0.0.1, MASTER_PORT: 4396, WORLD_SIZE: 16, RANK: 4
| distributed init (rank 0): env://
| distributed env init. MASTER_ADDR: 127.0.0.1, MASTER_PORT: 4396, WORLD_SIZE: 16, RANK: 11
| distributed init (rank 0): env://
| distributed env init. MASTER_ADDR: 127.0.0.1, MASTER_PORT: 4396, WORLD_SIZE: 16, RANK: 10
| distributed init (rank 0): env://
| distributed env init. MASTER_ADDR: 127.0.0.1, MASTER_PORT: 4396, WORLD_SIZE: 16, RANK: 5
| distributed init (rank 0): env://
| distributed env init. MASTER_ADDR: 127.0.0.1, MASTER_PORT: 4396, WORLD_SIZE: 16, RANK: 0
| distributed init done!
| distributed init done!
:::MLL 1575549755.151 init_start: {"value": null, "metadata": {"file": "train.py", "lineno": 57}}
| distributed init done!
:::MLL 1575549755.166 init_start: {"value": null, "metadata": {"file": "train.py", "lineno": 57}}
:::MLL 1575549755.177 init_start: {"value": null, "metadata": {"file": "train.py", "lineno": 57}}
| distributed init done!
| distributed init done!
:::MLL 1575549755.208 init_start: {"value": null, "metadata": {"file": "train.py", "lineno": 57}}
:::MLL 1575549755.209 init_start: {"value": null, "metadata": {"file": "train.py", "lineno": 57}}
| distributed init done!
| distributed init done!
| distributed init done!
:::MLL 1575549755.241 init_start: {"value": null, "metadata": {"file": "train.py", "lineno": 57}}
| distributed init done!
| distributed init done!
| distributed init done!
:::MLL 1575549755.250 init_start: {"value": null, "metadata": {"file": "train.py", "lineno": 57}}
| distributed init done!
| distributed init done!
| distributed init done!
:::MLL 1575549755.258 init_start: {"value": null, "metadata": {"file": "train.py", "lineno": 57}}
| distributed init done!
| distributed init done!
| initialized host 9029gp-tnvrt-0 as rank 0 and device id 0
:::MLL 1575549755.272 init_start: {"value": null, "metadata": {"file": "train.py", "lineno": 57}}
:::MLL 1575549755.273 init_start: {"value": null, "metadata": {"file": "train.py", "lineno": 57}}
:::MLL 1575549755.277 init_start: {"value": null, "metadata": {"file": "train.py", "lineno": 57}}
:::MLL 1575549755.280 init_start: {"value": null, "metadata": {"file": "train.py", "lineno": 57}}
:::MLL 1575549755.283 init_start: {"value": null, "metadata": {"file": "train.py", "lineno": 57}}
:::MLL 1575549755.283 init_start: {"value": null, "metadata": {"file": "train.py", "lineno": 57}}
:::MLL 1575549755.288 init_start: {"value": null, "metadata": {"file": "train.py", "lineno": 57}}
:::MLL 1575549755.292 init_start: {"value": null, "metadata": {"file": "train.py", "lineno": 57}}
Namespace(adam_betas='(0.9,0.98)', adam_eps=1e-09, adaptive_softmax_cutoff=None, arch='transformer_wmt_en_de_big_t2t', attention_dropout=0.1, batch_multiple_strategy='dynamic', batching_scheme='v0p5_better', beam=4, bucket_growth_factor=1.035, clip_norm=0.0, cpu=False, criterion='label_smoothed_cross_entropy', data='/data', dataloader_num_workers=1, decoder_attention_heads=16, decoder_embed_dim=1024, decoder_embed_path=None, decoder_ffn_embed_dim=4096, decoder_layers=6, decoder_learned_pos=False, decoder_normalize_before=True, device_id=0, distributed_backend='nccl', distributed_init_method='env://', distributed_port=-1, distributed_rank=0, distributed_world_size=16, dropout=0.1, enable_dataloader_pin_memory=False, enable_parallel_backward_allred_opt=True, enable_parallel_backward_allred_opt_correctness_check=False, encoder_attention_heads=16, encoder_embed_dim=1024, encoder_embed_path=None, encoder_ffn_embed_dim=4096, encoder_layers=6, encoder_learned_pos=False, encoder_normalize_before=True, fast_xentropy=True, fp16=True, fuse_dropout_add=False, fuse_relu_dropout=False, gen_subset='test', ignore_case=True, keep_interval_updates=-1, label_smoothing=0.1, left_pad_source='True', left_pad_target='False', lenpen=0.6, local_rank=0, log_format=None, log_interval=1000, log_translations=False, lr=[0.001976], lr_scheduler='inverse_sqrt', lr_shrink=0.1, max_epoch=30, max_len_a=1.0, max_len_b=50, max_sentences=None, max_sentences_valid=None, max_source_positions=80, max_target_positions=80, max_tokens=8192, max_update=0, min_len=1, min_loss_scale=0.0001, min_lr=0.0, model_overrides='{}', momentum=0.99, nbest=1, no_beamable_mm=False, no_early_stop=False, no_epoch_checkpoints=False, no_progress_bar=False, no_save=True, no_token_positional_embeddings=False, num_shards=1, online_eval=False, optimizer='adam', parallel_backward_allred_cuda_nstreams=2, parallel_backward_allred_opt_threshold=147566182, path=None, prefix_size=0, print_alignment=False, profile=None, quiet=False, raw_text=False, relu_dropout=0.1, remove_bpe=None, replace_unk=None, restore_file='checkpoint_last.pt', sampling=False, sampling_temperature=1, sampling_topk=-1, save_dir='checkpoints', save_interval=1, save_interval_updates=0, score_reference=False, seed=4258083, sentence_avg=False, seq_len_multiple=2, shard_id=0, share_all_embeddings=True, share_decoder_input_output_embed=False, skip_invalid_size_inputs_valid_test=False, softmax_type='fast_fill', source_lang='en', target_bleu=25.0, target_lang='de', task='translation', train_subset='train', unkpen=0, unnormalized=False, update_freq=[1], valid_subset='valid', validate_interval=1, warmup_init_lr=0.0, warmup_updates=1000, weight_decay=0.0)
:::MLL 1575549771.400 global_batch_size: {"value": 131072, "metadata": {"file": "train.py", "lineno": 74}}
:::MLL 1575549771.401 opt_name: {"value": "adam", "metadata": {"file": "train.py", "lineno": 75}}
:::MLL 1575549771.401 opt_base_learning_rate: {"value": 0.001976, "metadata": {"file": "train.py", "lineno": 77}}
:::MLL 1575549771.401 opt_learning_rate_warmup_steps: {"value": 1000, "metadata": {"file": "train.py", "lineno": 78}}
:::MLL 1575549771.401 max_sequence_length: {"value": 80, "metadata": {"file": "train.py", "lineno": 80}}
:::MLL 1575549771.402 opt_adam_beta_1: {"value": 0.9, "metadata": {"file": "train.py", "lineno": 81}}
:::MLL 1575549771.402 opt_adam_beta_2: {"value": 0.98, "metadata": {"file": "train.py", "lineno": 82}}
:::MLL 1575549771.402 opt_adam_epsilon: {"value": 1e-09, "metadata": {"file": "train.py", "lineno": 83}}
| [en] dictionary: 33712 types
| [de] dictionary: 33712 types
| model transformer_wmt_en_de_big_t2t, criterion LabelSmoothedCrossEntropyCriterion
| num. model params: 210808832
| parallel all-reduce ENABLED. all-reduce threshold: 147566182
| # of parallel all-reduce cuda streams: 2
| training on 16 GPUs
| max tokens per GPU = 8192 and max sentences per GPU = None
:::MLL 1575549784.919 init_stop: {"value": null, "metadata": {"file": "train.py", "lineno": 140}}
:::MLL 1575549784.919 run_start: {"value": null, "metadata": {"file": "train.py", "lineno": 142}}
filename: /data/train.en-de.en
raw_text: False
| /data train 4590101 examples
filename: /data/train1.en-de.en
raw_text: False
filename: /data/train1.de-en.en
raw_text: False
srcline: tensor([  341,    17,   152,   228,    10,    29,    26, 15834,    25,     4,     2])
| Sentences are being padded to multiples of: 2
filename: /data/test.en-de.en
raw_text: False
| /data test 3003 examples
srcline: tensor([ 7549,  4344,    64, 32364,  1259,    20, 13504,  8959,  3868,     2])
| Sentences are being padded to multiples of: 2
filename: /data/test1.en-de.en
raw_text: False
filename: /data/test1.de-en.en
raw_text: False
:::MLL 1575549788.355 block_start: {"value": null, "metadata": {"first_epoch_num": 1, "epoch_count": 1, "file": "train.py", "lineno": 162}}
:::MLL 1575549788.355 epoch_start: {"value": null, "metadata": {"epoch_num": 1, "file": "train.py", "lineno": 163}}
generated 18213 batches in 2.156414s
got epoch iterator 2.158144950866699
| WARNING: overflow detected, setting loss scale to: 64.0
| WARNING: overflow detected, setting loss scale to: 32.0
| WARNING: overflow detected, setting loss scale to: 16.0
| WARNING: overflow detected, setting loss scale to: 8.0
| epoch 001:   1000 / 1139 loss=7.449, nll_loss=0.000, ppl=1.00, wps=622088, ups=4.8, wpb=118964, bsz=3919, num_updates=997, lr=0.00197007, gnorm=39779.783, clip=100%, oom=0, loss_scale=8.000, wall=207
| epoch 001 | loss 7.174 | nll_loss 0.000 | ppl 1.00 | wps 622011 | ups 4.9 | wpb 118867 | bsz 3912 | num_updates 1135 | lr 0.00185477 | gnorm 36695.284 | clip 100% | oom 0 | loss_scale 8.000 | wall 233
epoch time  217.42373037338257
:::MLL 1575550007.938 epoch_stop: {"value": null, "metadata": {"epoch_num": 1, "file": "train.py", "lineno": 201}}
:::MLL 1575550007.939 eval_start: {"value": null, "metadata": {"epoch_num": 1, "file": "train.py", "lineno": 547}}
generated 58 batches in 0.000686s
| Translated 217 sentences (5458 tokens) in 2.2s (100.24 sentences/s, 2521.34 tokens/s)
| Generate test with beam=4: bleu_score=19.2235
| Eval completed in: 3.97s
:::MLL 1575550011.914 eval_stop: {"value": null, "metadata": {"epoch_num": 1, "file": "train.py", "lineno": 658}}
:::MLL 1575550011.917 eval_accuracy: {"value": "19.223497807979584", "metadata": {"epoch_num": 1, "file": "train.py", "lineno": 211}}
validation and scoring  3.979585647583008
:::MLL 1575550011.991 block_stop: {"value": null, "metadata": {"first_epoch_num": 1, "file": "train.py", "lineno": 226}}
:::MLL 1575550011.991 block_start: {"value": null, "metadata": {"first_epoch_num": 2, "epoch_count": 1, "file": "train.py", "lineno": 162}}
:::MLL 1575550011.991 epoch_start: {"value": null, "metadata": {"epoch_num": 2, "file": "train.py", "lineno": 163}}
generated 18213 batches in 2.366115s
got epoch iterator 2.4444613456726074
| WARNING: overflow detected, setting loss scale to: 4.0
| epoch 002:   1000 / 1139 loss=4.768, nll_loss=0.000, ppl=1.00, wps=626096, ups=5.1, wpb=118981, bsz=3912, num_updates=2135, lr=0.00135235, gnorm=21869.682, clip=100%, oom=0, loss_scale=4.000, wall=430
| epoch 002 | loss 4.743 | nll_loss 0.000 | ppl 1.00 | wps 625482 | ups 5.1 | wpb 118865 | bsz 3909 | num_updates 2273 | lr 0.00131065 | gnorm 20770.286 | clip 100% | oom 0 | loss_scale 4.000 | wall 456
epoch time  216.39645624160767
:::MLL 1575550230.833 epoch_stop: {"value": null, "metadata": {"epoch_num": 2, "file": "train.py", "lineno": 201}}
:::MLL 1575550230.834 eval_start: {"value": null, "metadata": {"epoch_num": 2, "file": "train.py", "lineno": 547}}
generated 58 batches in 0.000680s
| Translated 217 sentences (5691 tokens) in 2.0s (107.04 sentences/s, 2807.18 tokens/s)
| Generate test with beam=4: bleu_score=23.1920
| Eval completed in: 3.79s
:::MLL 1575550234.626 eval_stop: {"value": null, "metadata": {"epoch_num": 2, "file": "train.py", "lineno": 658}}
:::MLL 1575550234.629 eval_accuracy: {"value": "23.191998898983", "metadata": {"epoch_num": 2, "file": "train.py", "lineno": 211}}
validation and scoring  3.796962261199951
:::MLL 1575550234.704 block_stop: {"value": null, "metadata": {"first_epoch_num": 2, "file": "train.py", "lineno": 226}}
:::MLL 1575550234.704 block_start: {"value": null, "metadata": {"first_epoch_num": 3, "epoch_count": 1, "file": "train.py", "lineno": 162}}
:::MLL 1575550234.705 epoch_start: {"value": null, "metadata": {"epoch_num": 3, "file": "train.py", "lineno": 163}}
generated 18213 batches in 2.449680s
got epoch iterator 2.528346300125122
| epoch 003:   1000 / 1139 loss=4.425, nll_loss=0.000, ppl=1.00, wps=627174, ups=5.1, wpb=118974, bsz=3917, num_updates=3274, lr=0.00109206, gnorm=15421.336, clip=100%, oom=0, loss_scale=8.000, wall=653
| epoch 003 | loss 4.423 | nll_loss 0.000 | ppl 1.00 | wps 626550 | ups 5.1 | wpb 118868 | bsz 3911 | num_updates 3412 | lr 0.00106975 | gnorm 15016.490 | clip 100% | oom 0 | loss_scale 8.000 | wall 679
epoch time  216.18807077407837
:::MLL 1575550453.422 epoch_stop: {"value": null, "metadata": {"epoch_num": 3, "file": "train.py", "lineno": 201}}
:::MLL 1575550453.422 eval_start: {"value": null, "metadata": {"epoch_num": 3, "file": "train.py", "lineno": 547}}
generated 58 batches in 0.000753s
| Translated 217 sentences (5585 tokens) in 1.8s (120.42 sentences/s, 3099.17 tokens/s)
| Generate test with beam=4: bleu_score=25.0365
| Eval completed in: 3.42s
:::MLL 1575550456.840 eval_stop: {"value": null, "metadata": {"epoch_num": 3, "file": "train.py", "lineno": 658}}
:::MLL 1575550456.843 eval_accuracy: {"value": "25.036528706550598", "metadata": {"epoch_num": 3, "file": "train.py", "lineno": 211}}
validation and scoring  3.422187089920044
:::MLL 1575550456.918 block_stop: {"value": null, "metadata": {"first_epoch_num": 3, "file": "train.py", "lineno": 226}}
:::MLL 1575550456.919 run_stop: {"value": null, "metadata": {"status": "success", "file": "train.py", "lineno": 231}}
| done training in 677.2 seconds
++ ret_code=0
++ sleep 3
++ [[ 0 != 0 ]]
+++ date +%s
++ END=1575550465
+++ date '+%Y-%m-%d %r'
++ END_FMT='2019-12-05 12:54:25 PM'
++ echo 'ENDING TIMING RUN AT 2019-12-05 12:54:25 PM'
++ RESULT=719
++ RESULT_NAME=transformer
ENDING TIMING RUN AT 2019-12-05 12:54:25 PM
RESULT,transformer,     4258083,719,,2019-12-05 12:42:26 PM
++ echo 'RESULT,transformer,     4258083,719,,2019-12-05 12:42:26 PM'
+ set +x
