Beginning trial 3 of 3
Gathering sys log on 4029gp-tvrt-1
:::MLL 1575780813.306 submission_benchmark: {"value": "transformer", "metadata": {"file": "mlperf_log_utils.py", "lineno": 225}}
:::MLL 1575780813.307 submission_org: {"value": "NVIDIA", "metadata": {"file": "mlperf_log_utils.py", "lineno": 230}}
WARNING: Log validation: Key "submission_division" is not in known transformer keys.
:::MLL 1575780813.308 submission_division: {"value": "closed", "metadata": {"file": "mlperf_log_utils.py", "lineno": 234}}
:::MLL 1575780813.309 submission_status: {"value": "onprem", "metadata": {"file": "mlperf_log_utils.py", "lineno": 238}}
:::MLL 1575780813.310 submission_platform: {"value": "1xSYS-4029GP-TVRT", "metadata": {"file": "mlperf_log_utils.py", "lineno": 242}}
:::MLL 1575780813.311 submission_entry: {"value": "{'hardware': 'SYS-4029GP-TVRT', 'framework': 'PyTorch NVIDIA Release 19.05', 'power': 'N/A', 'notes': 'N/A', 'interconnect': 'InfiniBand 100 Gb/sec (4X EDR)', 'os': 'Ubuntu 18.04.3 LTS / ', 'libraries': \"{'container_base': 'Ubuntu-16.04', 'openmpi_version': '3.1.3', 'mofed_version': '4.7-1.0.0', 'cuda_version': '10.1.163', 'cuda_driver_version': '418.67', 'nccl_version': '2.4.6', 'cudnn_version': '7.6.0.64', 'cublas_version': '10.2.0.163', 'trt_version': '5.1.5.0', 'dali_version': '0.9.1'}\", 'compilers': 'gcc (Ubuntu 5.4.0-6ubuntu1~16.04.11) 5.4.0 20160609', 'nodes': \"{'num_nodes': '1', 'cpu': '2x Intel(R) Xeon(R) Gold 6148 CPU @ 2.40GHz', 'num_cores': '40', 'num_vcpus': '80', 'accelerator': 'Tesla V100-SXM2-32GB', 'num_accelerators': '8', 'sys_mem_size': '754 GB', 'sys_storage_type': 'NVMe SSD', 'sys_storage_size': '1x 3.7T', 'cpu_accel_interconnect': 'UPI', 'network_card': '', 'num_network_cards': '0', 'notes': ''}\"}", "metadata": {"file": "mlperf_log_utils.py", "lineno": 246}}
:::MLL 1575780813.312 submission_poc_name: {"value": "Paulius Micikevicius", "metadata": {"file": "mlperf_log_utils.py", "lineno": 250}}
:::MLL 1575780813.312 submission_poc_email: {"value": "pauliusm@nvidia.com", "metadata": {"file": "mlperf_log_utils.py", "lineno": 254}}
Clearing caches
:::MLL 1575780814.094 cache_clear: {"value": true, "metadata": {"file": "<string>", "lineno": 1}}
Launching on node 4029gp-tvrt-1
+ pids+=($!)
+ set +x
++ eval echo
+++ echo
+ docker exec -e DGXSYSTEM=LambdaHyperplaneBasic -e 'MULTI_NODE= --master_port=4665' -e 'SEED=     8691836' -e SLURM_JOB_ID=191207200549876059233 -e SLURM_NTASKS_PER_NODE= -e SLURM_NNODES=1 -e MODE=TRAIN cont_191207200549876059233 ./run_and_time.sh
Run vars: id 191207200549876059233 gpus 8 mparams  --master_port=4665
+ SEED='     8691836'
+ MAX_TOKENS=8192
+ DATASET_DIR=/data
+ MODE=TRAIN
+ NUMEPOCHS=30
+ case "$MODE" in
+ source run_training.sh
+++ date +%s
++ START=1575780814
+++ date '+%Y-%m-%d %r'
++ START_FMT='2019-12-08 04:53:34 AM'
++ echo 'STARTING TIMING RUN AT 2019-12-08 04:53:34 AM'
++ [[ 8 -ne 1 ]]
++ DISTRIBUTED_INIT_METHOD='--distributed-init-method env://'
++ export DGXSYSTEM
++ export SLURM_NTASKS_PER_NODE
STARTING TIMING RUN AT 2019-12-08 04:53:34 AM
++ export SLURM_NNODES
++ export MLPERF_HOST_OS
++ python -m bind_launch --nsockets_per_node 2 --ncores_per_socket 20 --nproc_per_node 8 --master_port=4665 train.py /data --seed 8691836 --arch transformer_wmt_en_de_big_t2t --share-all-embeddings --optimizer adam --adam-betas '(0.9, 0.997)' --adam-eps 1e-9 --clip-norm 0.0 --lr-scheduler inverse_sqrt --warmup-init-lr 0.0 --warmup-updates 1000 --lr 1.976e-3 --min-lr 0.0 --dropout 0.1 --weight-decay 0.0 --criterion label_smoothed_cross_entropy --label-smoothing 0.1 --max-tokens 8192 --max-epoch 30 --target-bleu 25.0 --ignore-case --no-save --update-freq 1 --fp16 --seq-len-multiple 2 --softmax-type fast_fill --source_lang en --target_lang de --bucket_growth_factor 1.035 --batching_scheme v0p5_better --batch_multiple_strategy dynamic --fast-xentropy --max-len-a 1 --max-len-b 50 --lenpen 0.6 --distributed-init-method env:// --max-source-positions 80 --max-target-positions 80 --enable-parallel-backward-allred-opt --parallel-backward-allred-opt-threshold 105404416 --parallel-backward-allred-cuda-nstreams 2 --adam-betas '(0.9,0.98)'
| distributed init (rank 0): env://
| distributed env init. MASTER_ADDR: 127.0.0.1, MASTER_PORT: 4665, WORLD_SIZE: 8, RANK: 2
| distributed init (rank 0): env://
| distributed env init. MASTER_ADDR: 127.0.0.1, MASTER_PORT: 4665, WORLD_SIZE: 8, RANK: 7
| distributed init (rank 0): env://
| distributed env init. MASTER_ADDR: 127.0.0.1, MASTER_PORT: 4665, WORLD_SIZE: 8, RANK: 0
| distributed init (rank 0): env://
| distributed env init. MASTER_ADDR: 127.0.0.1, MASTER_PORT: 4665, WORLD_SIZE: 8, RANK: 5
| distributed init done!
| distributed init (rank 0): env://
| distributed env init. MASTER_ADDR: 127.0.0.1, MASTER_PORT: 4665, WORLD_SIZE: 8, RANK: 4
| distributed init done!
| distributed init (rank 0): env://
| distributed env init. MASTER_ADDR: 127.0.0.1, MASTER_PORT: 4665, WORLD_SIZE: 8, RANK: 1
| distributed init (rank 0): env://
| distributed env init. MASTER_ADDR: 127.0.0.1, MASTER_PORT: 4665, WORLD_SIZE: 8, RANK: 6
| distributed init done!
| distributed init done!
| distributed init (rank 0): env://
| distributed env init. MASTER_ADDR: 127.0.0.1, MASTER_PORT: 4665, WORLD_SIZE: 8, RANK: 3
| distributed init done!
:::MLL 1575780817.861 init_start: {"value": null, "metadata": {"file": "train.py", "lineno": 57}}
:::MLL 1575780817.870 init_start: {"value": null, "metadata": {"file": "train.py", "lineno": 57}}
:::MLL 1575780817.876 init_start: {"value": null, "metadata": {"file": "train.py", "lineno": 57}}
:::MLL 1575780817.876 init_start: {"value": null, "metadata": {"file": "train.py", "lineno": 57}}
:::MLL 1575780817.878 init_start: {"value": null, "metadata": {"file": "train.py", "lineno": 57}}
| distributed init done!
| distributed init done!
| distributed init done!
| initialized host 4029gp-tvrt-1 as rank 0 and device id 0
:::MLL 1575780818.858 init_start: {"value": null, "metadata": {"file": "train.py", "lineno": 57}}
:::MLL 1575780818.861 init_start: {"value": null, "metadata": {"file": "train.py", "lineno": 57}}
:::MLL 1575780818.862 init_start: {"value": null, "metadata": {"file": "train.py", "lineno": 57}}
Namespace(adam_betas='(0.9,0.98)', adam_eps=1e-09, adaptive_softmax_cutoff=None, arch='transformer_wmt_en_de_big_t2t', attention_dropout=0.1, batch_multiple_strategy='dynamic', batching_scheme='v0p5_better', beam=4, bucket_growth_factor=1.035, clip_norm=0.0, cpu=False, criterion='label_smoothed_cross_entropy', data='/data', dataloader_num_workers=1, decoder_attention_heads=16, decoder_embed_dim=1024, decoder_embed_path=None, decoder_ffn_embed_dim=4096, decoder_layers=6, decoder_learned_pos=False, decoder_normalize_before=True, device_id=0, distributed_backend='nccl', distributed_init_method='env://', distributed_port=-1, distributed_rank=0, distributed_world_size=8, dropout=0.1, enable_dataloader_pin_memory=False, enable_parallel_backward_allred_opt=True, enable_parallel_backward_allred_opt_correctness_check=False, encoder_attention_heads=16, encoder_embed_dim=1024, encoder_embed_path=None, encoder_ffn_embed_dim=4096, encoder_layers=6, encoder_learned_pos=False, encoder_normalize_before=True, fast_xentropy=True, fp16=True, fuse_dropout_add=False, fuse_relu_dropout=False, gen_subset='test', ignore_case=True, keep_interval_updates=-1, label_smoothing=0.1, left_pad_source='True', left_pad_target='False', lenpen=0.6, local_rank=0, log_format=None, log_interval=1000, log_translations=False, lr=[0.001976], lr_scheduler='inverse_sqrt', lr_shrink=0.1, max_epoch=30, max_len_a=1.0, max_len_b=50, max_sentences=None, max_sentences_valid=None, max_source_positions=80, max_target_positions=80, max_tokens=8192, max_update=0, min_len=1, min_loss_scale=0.0001, min_lr=0.0, model_overrides='{}', momentum=0.99, nbest=1, no_beamable_mm=False, no_early_stop=False, no_epoch_checkpoints=False, no_progress_bar=False, no_save=True, no_token_positional_embeddings=False, num_shards=1, online_eval=False, optimizer='adam', parallel_backward_allred_cuda_nstreams=2, parallel_backward_allred_opt_threshold=105404416, path=None, prefix_size=0, print_alignment=False, profile=None, quiet=False, raw_text=False, relu_dropout=0.1, remove_bpe=None, replace_unk=None, restore_file='checkpoint_last.pt', sampling=False, sampling_temperature=1, sampling_topk=-1, save_dir='checkpoints', save_interval=1, save_interval_updates=0, score_reference=False, seed=8691836, sentence_avg=False, seq_len_multiple=2, shard_id=0, share_all_embeddings=True, share_decoder_input_output_embed=False, skip_invalid_size_inputs_valid_test=False, softmax_type='fast_fill', source_lang='en', target_bleu=25.0, target_lang='de', task='translation', train_subset='train', unkpen=0, unnormalized=False, update_freq=[1], valid_subset='valid', validate_interval=1, warmup_init_lr=0.0, warmup_updates=1000, weight_decay=0.0)
:::MLL 1575780823.699 global_batch_size: {"value": 65536, "metadata": {"file": "train.py", "lineno": 74}}
:::MLL 1575780823.700 opt_name: {"value": "adam", "metadata": {"file": "train.py", "lineno": 75}}
:::MLL 1575780823.700 opt_base_learning_rate: {"value": 0.001976, "metadata": {"file": "train.py", "lineno": 77}}
:::MLL 1575780823.700 opt_learning_rate_warmup_steps: {"value": 1000, "metadata": {"file": "train.py", "lineno": 78}}
:::MLL 1575780823.700 max_sequence_length: {"value": 80, "metadata": {"file": "train.py", "lineno": 80}}
:::MLL 1575780823.701 opt_adam_beta_1: {"value": 0.9, "metadata": {"file": "train.py", "lineno": 81}}
:::MLL 1575780823.701 opt_adam_beta_2: {"value": 0.98, "metadata": {"file": "train.py", "lineno": 82}}
:::MLL 1575780823.701 opt_adam_epsilon: {"value": 1e-09, "metadata": {"file": "train.py", "lineno": 83}}
| [en] dictionary: 33712 types
| [de] dictionary: 33712 types
| model transformer_wmt_en_de_big_t2t, criterion LabelSmoothedCrossEntropyCriterion
| num. model params: 210808832
| parallel all-reduce ENABLED. all-reduce threshold: 105404416
| # of parallel all-reduce cuda streams: 2
| training on 8 GPUs
| max tokens per GPU = 8192 and max sentences per GPU = None
:::MLL 1575780829.966 init_stop: {"value": null, "metadata": {"file": "train.py", "lineno": 140}}
:::MLL 1575780829.966 run_start: {"value": null, "metadata": {"file": "train.py", "lineno": 142}}
filename: /data/train.en-de.en
raw_text: False
| /data train 4590101 examples
filename: /data/train1.en-de.en
raw_text: False
filename: /data/train1.de-en.en
raw_text: False
srcline: tensor([   30, 32955, 24374,  4451,   236,    17,    14,   558,   808, 23963,   236,  2230,     7,    14,  4609, 18016,     6,  1272,   811,     3,  4691,  1065,   538,    10,     5, 16614,    16,  3168,   319,  2634,    18,  3858,    10,     5,   359,    16,  7779,     8,  1454,  8074,  7562,   319,  5347,     4,     2])
| Sentences are being padded to multiples of: 2
filename: /data/test.en-de.en
raw_text: False
| /data test 3003 examples
srcline: tensor([ 7549,  4344,    64, 32364,  1259,    20, 13504,  8959,  3868,     2])
| Sentences are being padded to multiples of: 2
filename: /data/test1.en-de.en
raw_text: False
filename: /data/test1.de-en.en
raw_text: False
:::MLL 1575780832.384 block_start: {"value": null, "metadata": {"first_epoch_num": 1, "epoch_count": 1, "file": "train.py", "lineno": 162}}
:::MLL 1575780832.385 epoch_start: {"value": null, "metadata": {"epoch_num": 1, "file": "train.py", "lineno": 163}}
generated 18213 batches in 2.111327s
got epoch iterator 2.112924098968506
| WARNING: overflow detected, setting loss scale to: 64.0
| WARNING: overflow detected, setting loss scale to: 32.0
| WARNING: overflow detected, setting loss scale to: 16.0
| WARNING: overflow detected, setting loss scale to: 8.0
| WARNING: overflow detected, setting loss scale to: 4.0
| epoch 001:   1000 / 2277 loss=7.768, nll_loss=0.000, ppl=1.00, wps=295992, ups=4.8, wpb=59474, bsz=1972, num_updates=996, lr=0.0019681, gnorm=60460.829, clip=100%, oom=0, loss_scale=4.000, wall=208
| WARNING: overflow detected, setting loss scale to: 2.0
| epoch 001:   2000 / 2277 loss=6.499, nll_loss=0.000, ppl=1.00, wps=297167, ups=4.9, wpb=59508, bsz=1956, num_updates=1995, lr=0.00139899, gnorm=32283.825, clip=100%, oom=0, loss_scale=2.000, wall=407
| epoch 001 | loss 6.306 | nll_loss 0.000 | ppl 1.00 | wps 297014 | ups 4.9 | wpb 59455 | bsz 1954 | num_updates 2271 | lr 0.00131123 | gnorm 28670.832 | clip 100% | oom 0 | loss_scale 2.000 | wall 462
epoch time  454.85616731643677
:::MLL 1575781289.357 epoch_stop: {"value": null, "metadata": {"epoch_num": 1, "file": "train.py", "lineno": 201}}
:::MLL 1575781289.358 eval_start: {"value": null, "metadata": {"epoch_num": 1, "file": "train.py", "lineno": 547}}
generated 51 batches in 0.000696s
| Translated 445 sentences (11655 tokens) in 3.4s (130.17 sentences/s, 3409.33 tokens/s)
| Generate test with beam=4: bleu_score=21.6555
| Eval completed in: 5.39s
:::MLL 1575781294.745 eval_stop: {"value": null, "metadata": {"epoch_num": 1, "file": "train.py", "lineno": 658}}
:::MLL 1575781294.748 eval_accuracy: {"value": "21.655486524105072", "metadata": {"epoch_num": 1, "file": "train.py", "lineno": 211}}
validation and scoring  5.394200086593628
:::MLL 1575781294.810 block_stop: {"value": null, "metadata": {"first_epoch_num": 1, "file": "train.py", "lineno": 226}}
:::MLL 1575781294.810 block_start: {"value": null, "metadata": {"first_epoch_num": 2, "epoch_count": 1, "file": "train.py", "lineno": 162}}
:::MLL 1575781294.810 epoch_start: {"value": null, "metadata": {"epoch_num": 2, "file": "train.py", "lineno": 163}}
generated 18213 batches in 2.147253s
got epoch iterator 2.2326629161834717
| epoch 002:   1000 / 2277 loss=4.704, nll_loss=0.000, ppl=1.00, wps=298525, ups=4.8, wpb=59514, bsz=1958, num_updates=3272, lr=0.0010924, gnorm=20605.694, clip=100%, oom=0, loss_scale=4.000, wall=670
| epoch 002:   2000 / 2277 loss=4.631, nll_loss=0.000, ppl=1.00, wps=298180, ups=4.9, wpb=59472, bsz=1957, num_updates=4272, lr=0.00095603, gnorm=16599.511, clip=100%, oom=0, loss_scale=4.000, wall=869
| epoch 002 | loss 4.613 | nll_loss 0.000 | ppl 1.00 | wps 298041 | ups 4.9 | wpb 59460 | bsz 1956 | num_updates 4548 | lr 0.000926567 | gnorm 15787.190 | clip 100% | oom 0 | loss_scale 4.000 | wall 925
epoch time  454.33360624313354
:::MLL 1575781751.380 epoch_stop: {"value": null, "metadata": {"epoch_num": 2, "file": "train.py", "lineno": 201}}
:::MLL 1575781751.380 eval_start: {"value": null, "metadata": {"epoch_num": 2, "file": "train.py", "lineno": 547}}
generated 51 batches in 0.000699s
| Translated 445 sentences (12136 tokens) in 3.4s (131.77 sentences/s, 3593.61 tokens/s)
| Generate test with beam=4: bleu_score=24.0766
| Eval completed in: 5.32s
:::MLL 1575781756.703 eval_stop: {"value": null, "metadata": {"epoch_num": 2, "file": "train.py", "lineno": 658}}
:::MLL 1575781756.706 eval_accuracy: {"value": "24.076567590236664", "metadata": {"epoch_num": 2, "file": "train.py", "lineno": 211}}
validation and scoring  5.329047679901123
:::MLL 1575781756.767 block_stop: {"value": null, "metadata": {"first_epoch_num": 2, "file": "train.py", "lineno": 226}}
:::MLL 1575781756.768 block_start: {"value": null, "metadata": {"first_epoch_num": 3, "epoch_count": 1, "file": "train.py", "lineno": 162}}
:::MLL 1575781756.768 epoch_start: {"value": null, "metadata": {"epoch_num": 3, "file": "train.py", "lineno": 163}}
generated 18213 batches in 2.094534s
got epoch iterator 2.1782073974609375
| epoch 003:   1000 / 2277 loss=4.375, nll_loss=0.000, ppl=1.00, wps=298544, ups=4.8, wpb=59608, bsz=1972, num_updates=5549, lr=0.000838841, gnorm=13707.308, clip=100%, oom=0, loss_scale=8.000, wall=1132
| epoch 003:   2000 / 2277 loss=4.380, nll_loss=0.000, ppl=1.00, wps=298025, ups=4.9, wpb=59508, bsz=1956, num_updates=6549, lr=0.000772146, gnorm=12494.320, clip=100%, oom=0, loss_scale=8.000, wall=1332
| epoch 003 | loss 4.379 | nll_loss 0.000 | ppl 1.00 | wps 297791 | ups 4.9 | wpb 59460 | bsz 1956 | num_updates 6825 | lr 0.000756372 | gnorm 12211.573 | clip 100% | oom 0 | loss_scale 8.000 | wall 1387
epoch time  454.71764373779297
:::MLL 1575782213.667 epoch_stop: {"value": null, "metadata": {"epoch_num": 3, "file": "train.py", "lineno": 201}}
:::MLL 1575782213.667 eval_start: {"value": null, "metadata": {"epoch_num": 3, "file": "train.py", "lineno": 547}}
generated 51 batches in 0.000691s
| Translated 445 sentences (12024 tokens) in 3.4s (132.51 sentences/s, 3580.41 tokens/s)
| Generate test with beam=4: bleu_score=25.7213
| Eval completed in: 5.31s
:::MLL 1575782218.974 eval_stop: {"value": null, "metadata": {"epoch_num": 3, "file": "train.py", "lineno": 658}}
:::MLL 1575782218.976 eval_accuracy: {"value": "25.72128474712372", "metadata": {"epoch_num": 3, "file": "train.py", "lineno": 211}}
validation and scoring  5.3123931884765625
:::MLL 1575782219.038 block_stop: {"value": null, "metadata": {"first_epoch_num": 3, "file": "train.py", "lineno": 226}}
:::MLL 1575782219.038 run_stop: {"value": null, "metadata": {"status": "success", "file": "train.py", "lineno": 231}}
| done training in 1390.2 seconds
++ ret_code=0
++ sleep 3
++ [[ 0 != 0 ]]
+++ date +%s
++ END=1575782223
+++ date '+%Y-%m-%d %r'
++ END_FMT='2019-12-08 05:17:03 AM'
++ echo 'ENDING TIMING RUN AT 2019-12-08 05:17:03 AM'
ENDING TIMING RUN AT 2019-12-08 05:17:03 AM
++ RESULT=1409
++ RESULT_NAME=transformer
++ echo 'RESULT,transformer,     8691836,1409,,2019-12-08 04:53:34 AM'
+ set +x
RESULT,transformer,     8691836,1409,,2019-12-08 04:53:34 AM
