Beginning trial 3 of 4
Gathering sys log on 9029gp-tnvrt-0
:::MLL 1574577813.351 submission_benchmark: {"value": "transformer", "metadata": {"file": "mlperf_log_utils.py", "lineno": 225}}
:::MLL 1574577813.352 submission_org: {"value": "NVIDIA", "metadata": {"file": "mlperf_log_utils.py", "lineno": 230}}
WARNING: Log validation: Key "submission_division" is not in known transformer keys.
:::MLL 1574577813.353 submission_division: {"value": "closed", "metadata": {"file": "mlperf_log_utils.py", "lineno": 234}}
:::MLL 1574577813.354 submission_status: {"value": "onprem", "metadata": {"file": "mlperf_log_utils.py", "lineno": 238}}
:::MLL 1574577813.355 submission_platform: {"value": "1xSYS-9029GP-TNVRT", "metadata": {"file": "mlperf_log_utils.py", "lineno": 242}}
:::MLL 1574577813.356 submission_entry: {"value": "{'hardware': 'SYS-9029GP-TNVRT', 'framework': 'PyTorch NVIDIA Release 19.05', 'power': 'N/A', 'notes': 'N/A', 'interconnect': 'InfiniBand 100 Gb/sec (4X EDR)', 'os': 'Ubuntu 18.04.3 LTS / ', 'libraries': \"{'container_base': 'Ubuntu-16.04', 'openmpi_version': '3.1.3', 'mofed_version': '4.7-1.0.0', 'cuda_version': '10.1.163', 'cuda_driver_version': '418.67', 'nccl_version': '2.4.6', 'cudnn_version': '7.6.0.64', 'cublas_version': '10.2.0.163', 'trt_version': '5.1.5.0', 'dali_version': '0.9.1'}\", 'compilers': 'gcc (Ubuntu 5.4.0-6ubuntu1~16.04.11) 5.4.0 20160609', 'nodes': \"{'num_nodes': '1', 'cpu': '2x Intel(R) Xeon(R) Platinum 8268 CPU @ 2.90GHz', 'num_cores': '48', 'num_vcpus': '96', 'accelerator': 'Tesla V100-SXM3-32GB', 'num_accelerators': '16', 'sys_mem_size': '754 GB', 'sys_storage_type': 'NVMe SSD', 'sys_storage_size': '1x 894.3G + 1x 3.7T', 'cpu_accel_interconnect': 'UPI', 'network_card': 'Mellanox Technologies MT27800 Family [ConnectX-5]', 'num_network_cards': '8', 'notes': ''}\"}", "metadata": {"file": "mlperf_log_utils.py", "lineno": 246}}
:::MLL 1574577813.357 submission_poc_name: {"value": "Paulius Micikevicius", "metadata": {"file": "mlperf_log_utils.py", "lineno": 250}}
:::MLL 1574577813.358 submission_poc_email: {"value": "pauliusm@nvidia.com", "metadata": {"file": "mlperf_log_utils.py", "lineno": 254}}
Clearing caches
:::MLL 1574577818.227 cache_clear: {"value": true, "metadata": {"file": "<string>", "lineno": 1}}
Launching on node 9029gp-tnvrt-0
+ pids+=($!)
+ set +x
++ eval echo
+++ echo
+ docker exec -e DGXSYSTEM=LambdaHyperplane16 -e 'MULTI_NODE= --master_port=4497' -e 'SEED=    12816309' -e SLURM_JOB_ID=191123221233875069866 -e SLURM_NTASKS_PER_NODE= -e SLURM_NNODES=1 -e MODE=TRAIN cont_191123221233875069866 ./run_and_time.sh
+ SEED='    12816309'
+ MAX_TOKENS=8192
+ DATASET_DIR=/data
+ MODE=TRAIN
+ NUMEPOCHS=30
+ case "$MODE" in
+ source run_training.sh
Run vars: id 191123221233875069866 gpus 16 mparams  --master_port=4497
+++ date +%s
++ START=1574577818
+++ date '+%Y-%m-%d %r'
STARTING TIMING RUN AT 2019-11-24 06:43:38 AM
++ START_FMT='2019-11-24 06:43:38 AM'
++ echo 'STARTING TIMING RUN AT 2019-11-24 06:43:38 AM'
++ [[ 16 -ne 1 ]]
++ DISTRIBUTED_INIT_METHOD='--distributed-init-method env://'
++ export DGXSYSTEM
++ export SLURM_NTASKS_PER_NODE
++ export SLURM_NNODES
++ export MLPERF_HOST_OS
++ python -m bind_launch --nsockets_per_node 2 --ncores_per_socket 24 --nproc_per_node 16 --master_port=4497 train.py /data --seed 12816309 --arch transformer_wmt_en_de_big_t2t --share-all-embeddings --optimizer adam --adam-betas '(0.9, 0.997)' --adam-eps 1e-9 --clip-norm 0.0 --lr-scheduler inverse_sqrt --warmup-init-lr 0.0 --warmup-updates 1000 --lr 1.976e-3 --min-lr 0.0 --dropout 0.1 --weight-decay 0.0 --criterion label_smoothed_cross_entropy --label-smoothing 0.1 --max-tokens 8192 --max-epoch 30 --target-bleu 25.0 --ignore-case --no-save --update-freq 1 --fp16 --seq-len-multiple 2 --softmax-type fast_fill --source_lang en --target_lang de --bucket_growth_factor 1.035 --batching_scheme v0p5_better --batch_multiple_strategy dynamic --fast-xentropy --max-len-a 1 --max-len-b 50 --lenpen 0.6 --distributed-init-method env:// --max-source-positions 80 --max-target-positions 80 --enable-parallel-backward-allred-opt --parallel-backward-allred-opt-threshold 147566182 --parallel-backward-allred-cuda-nstreams 2 --adam-betas '(0.9,0.98)'
| distributed init (rank 0): env://
| distributed env init. MASTER_ADDR: 127.0.0.1, MASTER_PORT: 4497, WORLD_SIZE: 16, RANK: 7
| distributed init (rank 0): env://
| distributed env init. MASTER_ADDR: 127.0.0.1, MASTER_PORT: 4497, WORLD_SIZE: 16, RANK: 0
| distributed init (rank 0): env://
| distributed env init. MASTER_ADDR: 127.0.0.1, MASTER_PORT: 4497, WORLD_SIZE: 16, RANK: 1
| distributed init done!
| distributed init (rank 0): env://
| distributed env init. MASTER_ADDR: 127.0.0.1, MASTER_PORT: 4497, WORLD_SIZE: 16, RANK: 6
| distributed init done!
| distributed init (rank 0): env://
| distributed env init. MASTER_ADDR: 127.0.0.1, MASTER_PORT: 4497, WORLD_SIZE: 16, RANK: 2
| distributed init (rank 0): env://
| distributed env init. MASTER_ADDR: 127.0.0.1, MASTER_PORT: 4497, WORLD_SIZE: 16, RANK: 12
| distributed init (rank 0): env://
| distributed env init. MASTER_ADDR: 127.0.0.1, MASTER_PORT: 4497, WORLD_SIZE: 16, RANK: 3
| distributed init done!
| distributed init (rank 0): env://
| distributed env init. MASTER_ADDR: 127.0.0.1, MASTER_PORT: 4497, WORLD_SIZE: 16, RANK: 4
| distributed init (rank 0): env://
| distributed env init. MASTER_ADDR: 127.0.0.1, MASTER_PORT: 4497, WORLD_SIZE: 16, RANK: 10
| distributed init (rank 0): env://
| distributed env init. MASTER_ADDR: 127.0.0.1, MASTER_PORT: 4497, WORLD_SIZE: 16, RANK: 5
| distributed init (rank 0): env://
| distributed env init. MASTER_ADDR: 127.0.0.1, MASTER_PORT: 4497, WORLD_SIZE: 16, RANK: 13
| distributed init (rank 0): env://
| distributed env init. MASTER_ADDR: 127.0.0.1, MASTER_PORT: 4497, WORLD_SIZE: 16, RANK: 9
| distributed init (rank 0): env://
| distributed env init. MASTER_ADDR: 127.0.0.1, MASTER_PORT: 4497, WORLD_SIZE: 16, RANK: 8
| distributed init (rank 0): env://
| distributed env init. MASTER_ADDR: 127.0.0.1, MASTER_PORT: 4497, WORLD_SIZE: 16, RANK: 14
| distributed init (rank 0): env://
| distributed env init. MASTER_ADDR: 127.0.0.1, MASTER_PORT: 4497, WORLD_SIZE: 16, RANK: 11
:::MLL 1574577836.650 init_start: {"value": null, "metadata": {"file": "train.py", "lineno": 57}}
:::MLL 1574577836.651 init_start: {"value": null, "metadata": {"file": "train.py", "lineno": 57}}
:::MLL 1574577836.654 init_start: {"value": null, "metadata": {"file": "train.py", "lineno": 57}}
| distributed init (rank 0): env://
| distributed env init. MASTER_ADDR: 127.0.0.1, MASTER_PORT: 4497, WORLD_SIZE: 16, RANK: 15
| distributed init done!
| distributed init done!
| distributed init done!
| distributed init done!
| distributed init done!
| distributed init done!
| distributed init done!
| distributed init done!
| distributed init done!
| distributed init done!
| distributed init done!
:::MLL 1574577836.691 init_start: {"value": null, "metadata": {"file": "train.py", "lineno": 57}}
:::MLL 1574577836.693 init_start: {"value": null, "metadata": {"file": "train.py", "lineno": 57}}
:::MLL 1574577836.697 init_start: {"value": null, "metadata": {"file": "train.py", "lineno": 57}}
:::MLL 1574577836.697 init_start: {"value": null, "metadata": {"file": "train.py", "lineno": 57}}
:::MLL 1574577836.697 init_start: {"value": null, "metadata": {"file": "train.py", "lineno": 57}}
:::MLL 1574577836.698 init_start: {"value": null, "metadata": {"file": "train.py", "lineno": 57}}
:::MLL 1574577836.698 init_start: {"value": null, "metadata": {"file": "train.py", "lineno": 57}}
:::MLL 1574577836.698 init_start: {"value": null, "metadata": {"file": "train.py", "lineno": 57}}
:::MLL 1574577836.701 init_start: {"value": null, "metadata": {"file": "train.py", "lineno": 57}}
:::MLL 1574577836.701 init_start: {"value": null, "metadata": {"file": "train.py", "lineno": 57}}
:::MLL 1574577836.701 init_start: {"value": null, "metadata": {"file": "train.py", "lineno": 57}}
| distributed init done!
| distributed init done!
| initialized host 9029gp-tnvrt-0 as rank 0 and device id 0
:::MLL 1574577837.653 init_start: {"value": null, "metadata": {"file": "train.py", "lineno": 57}}
:::MLL 1574577837.660 init_start: {"value": null, "metadata": {"file": "train.py", "lineno": 57}}
Namespace(adam_betas='(0.9,0.98)', adam_eps=1e-09, adaptive_softmax_cutoff=None, arch='transformer_wmt_en_de_big_t2t', attention_dropout=0.1, batch_multiple_strategy='dynamic', batching_scheme='v0p5_better', beam=4, bucket_growth_factor=1.035, clip_norm=0.0, cpu=False, criterion='label_smoothed_cross_entropy', data='/data', dataloader_num_workers=1, decoder_attention_heads=16, decoder_embed_dim=1024, decoder_embed_path=None, decoder_ffn_embed_dim=4096, decoder_layers=6, decoder_learned_pos=False, decoder_normalize_before=True, device_id=0, distributed_backend='nccl', distributed_init_method='env://', distributed_port=-1, distributed_rank=0, distributed_world_size=16, dropout=0.1, enable_dataloader_pin_memory=False, enable_parallel_backward_allred_opt=True, enable_parallel_backward_allred_opt_correctness_check=False, encoder_attention_heads=16, encoder_embed_dim=1024, encoder_embed_path=None, encoder_ffn_embed_dim=4096, encoder_layers=6, encoder_learned_pos=False, encoder_normalize_before=True, fast_xentropy=True, fp16=True, fuse_dropout_add=False, fuse_relu_dropout=False, gen_subset='test', ignore_case=True, keep_interval_updates=-1, label_smoothing=0.1, left_pad_source='True', left_pad_target='False', lenpen=0.6, local_rank=0, log_format=None, log_interval=1000, log_translations=False, lr=[0.001976], lr_scheduler='inverse_sqrt', lr_shrink=0.1, max_epoch=30, max_len_a=1.0, max_len_b=50, max_sentences=None, max_sentences_valid=None, max_source_positions=80, max_target_positions=80, max_tokens=8192, max_update=0, min_len=1, min_loss_scale=0.0001, min_lr=0.0, model_overrides='{}', momentum=0.99, nbest=1, no_beamable_mm=False, no_early_stop=False, no_epoch_checkpoints=False, no_progress_bar=False, no_save=True, no_token_positional_embeddings=False, num_shards=1, online_eval=False, optimizer='adam', parallel_backward_allred_cuda_nstreams=2, parallel_backward_allred_opt_threshold=147566182, path=None, prefix_size=0, print_alignment=False, profile=None, quiet=False, raw_text=False, relu_dropout=0.1, remove_bpe=None, replace_unk=None, restore_file='checkpoint_last.pt', sampling=False, sampling_temperature=1, sampling_topk=-1, save_dir='checkpoints', save_interval=1, save_interval_updates=0, score_reference=False, seed=12816309, sentence_avg=False, seq_len_multiple=2, shard_id=0, share_all_embeddings=True, share_decoder_input_output_embed=False, skip_invalid_size_inputs_valid_test=False, softmax_type='fast_fill', source_lang='en', target_bleu=25.0, target_lang='de', task='translation', train_subset='train', unkpen=0, unnormalized=False, update_freq=[1], valid_subset='valid', validate_interval=1, warmup_init_lr=0.0, warmup_updates=1000, weight_decay=0.0)
:::MLL 1574577879.585 global_batch_size: {"value": 131072, "metadata": {"file": "train.py", "lineno": 74}}
:::MLL 1574577879.585 opt_name: {"value": "adam", "metadata": {"file": "train.py", "lineno": 75}}
:::MLL 1574577879.585 opt_base_learning_rate: {"value": 0.001976, "metadata": {"file": "train.py", "lineno": 77}}
:::MLL 1574577879.586 opt_learning_rate_warmup_steps: {"value": 1000, "metadata": {"file": "train.py", "lineno": 78}}
:::MLL 1574577879.586 max_sequence_length: {"value": 80, "metadata": {"file": "train.py", "lineno": 80}}
:::MLL 1574577879.586 opt_adam_beta_1: {"value": 0.9, "metadata": {"file": "train.py", "lineno": 81}}
:::MLL 1574577879.586 opt_adam_beta_2: {"value": 0.98, "metadata": {"file": "train.py", "lineno": 82}}
:::MLL 1574577879.586 opt_adam_epsilon: {"value": 1e-09, "metadata": {"file": "train.py", "lineno": 83}}
| [en] dictionary: 33712 types
| [de] dictionary: 33712 types
| model transformer_wmt_en_de_big_t2t, criterion LabelSmoothedCrossEntropyCriterion
| num. model params: 210808832
| parallel all-reduce ENABLED. all-reduce threshold: 147566182
| # of parallel all-reduce cuda streams: 2
| training on 16 GPUs
| max tokens per GPU = 8192 and max sentences per GPU = None
:::MLL 1574577910.812 init_stop: {"value": null, "metadata": {"file": "train.py", "lineno": 140}}
:::MLL 1574577910.812 run_start: {"value": null, "metadata": {"file": "train.py", "lineno": 142}}
filename: /data/train.en-de.en
raw_text: False
| /data train 4590101 examples
filename: /data/train1.en-de.en
raw_text: False
filename: /data/train1.de-en.en
raw_text: False
srcline: tensor([  341,    17,   152,   228,    10,    29,    26, 15834,    25,     4,     2])
| Sentences are being padded to multiples of: 2
filename: /data/test.en-de.en
raw_text: False
| /data test 3003 examples
srcline: tensor([ 7549,  4344,    64, 32364,  1259,    20, 13504,  8959,  3868,     2])
| Sentences are being padded to multiples of: 2
filename: /data/test1.en-de.en
raw_text: False
filename: /data/test1.de-en.en
raw_text: False
:::MLL 1574577914.144 block_start: {"value": null, "metadata": {"first_epoch_num": 1, "epoch_count": 1, "file": "train.py", "lineno": 162}}
:::MLL 1574577914.144 epoch_start: {"value": null, "metadata": {"epoch_num": 1, "file": "train.py", "lineno": 163}}
generated 18213 batches in 2.418023s
got epoch iterator 2.4200432300567627
| WARNING: overflow detected, setting loss scale to: 64.0
| WARNING: overflow detected, setting loss scale to: 32.0
| WARNING: overflow detected, setting loss scale to: 16.0
| WARNING: overflow detected, setting loss scale to: 8.0
| WARNING: overflow detected, setting loss scale to: 4.0
| epoch 001:   1000 / 1139 loss=7.414, nll_loss=0.000, ppl=1.00, wps=613027, ups=4.4, wpb=118924, bsz=3915, num_updates=996, lr=0.0019681, gnorm=35078.840, clip=100%, oom=0, loss_scale=4.000, wall=227
| epoch 001 | loss 7.143 | nll_loss 0.000 | ppl 1.00 | wps 613538 | ups 4.5 | wpb 118868 | bsz 3908 | num_updates 1134 | lr 0.00185558 | gnorm 31663.826 | clip 100% | oom 0 | loss_scale 4.000 | wall 254
epoch time  220.1104714870453
:::MLL 1574578136.684 epoch_stop: {"value": null, "metadata": {"epoch_num": 1, "file": "train.py", "lineno": 201}}
:::MLL 1574578136.685 eval_start: {"value": null, "metadata": {"epoch_num": 1, "file": "train.py", "lineno": 547}}
generated 58 batches in 0.000852s
| Translated 217 sentences (5530 tokens) in 2.0s (109.72 sentences/s, 2796.11 tokens/s)
| Generate test with beam=4: bleu_score=19.7767
| Eval completed in: 3.68s
:::MLL 1574578140.366 eval_stop: {"value": null, "metadata": {"epoch_num": 1, "file": "train.py", "lineno": 658}}
:::MLL 1574578140.369 eval_accuracy: {"value": "19.77667212486267", "metadata": {"epoch_num": 1, "file": "train.py", "lineno": 211}}
validation and scoring  3.69427490234375
:::MLL 1574578140.448 block_stop: {"value": null, "metadata": {"first_epoch_num": 1, "file": "train.py", "lineno": 226}}
:::MLL 1574578140.449 block_start: {"value": null, "metadata": {"first_epoch_num": 2, "epoch_count": 1, "file": "train.py", "lineno": 162}}
:::MLL 1574578140.449 epoch_start: {"value": null, "metadata": {"epoch_num": 2, "file": "train.py", "lineno": 163}}
generated 18213 batches in 2.422399s
got epoch iterator 2.5002970695495605
| WARNING: overflow detected, setting loss scale to: 2.0
| epoch 002:   1000 / 1139 loss=4.769, nll_loss=0.000, ppl=1.00, wps=623923, ups=5.1, wpb=119033, bsz=3906, num_updates=2134, lr=0.00135266, gnorm=18409.368, clip=100%, oom=0, loss_scale=2.000, wall=451
| epoch 002 | loss 4.743 | nll_loss 0.000 | ppl 1.00 | wps 622790 | ups 5.1 | wpb 118865 | bsz 3907 | num_updates 2272 | lr 0.00131094 | gnorm 17394.712 | clip 100% | oom 0 | loss_scale 2.000 | wall 477
epoch time  217.38232135772705
:::MLL 1574578360.334 epoch_stop: {"value": null, "metadata": {"epoch_num": 2, "file": "train.py", "lineno": 201}}
:::MLL 1574578360.334 eval_start: {"value": null, "metadata": {"epoch_num": 2, "file": "train.py", "lineno": 547}}
generated 58 batches in 0.000701s
| Translated 217 sentences (5435 tokens) in 1.8s (118.51 sentences/s, 2968.30 tokens/s)
| Generate test with beam=4: bleu_score=24.3220
| Eval completed in: 3.40s
:::MLL 1574578363.731 eval_stop: {"value": null, "metadata": {"epoch_num": 2, "file": "train.py", "lineno": 658}}
:::MLL 1574578363.734 eval_accuracy: {"value": "24.321983754634857", "metadata": {"epoch_num": 2, "file": "train.py", "lineno": 211}}
validation and scoring  3.4021642208099365
:::MLL 1574578363.814 block_stop: {"value": null, "metadata": {"first_epoch_num": 2, "file": "train.py", "lineno": 226}}
:::MLL 1574578363.815 block_start: {"value": null, "metadata": {"first_epoch_num": 3, "epoch_count": 1, "file": "train.py", "lineno": 162}}
:::MLL 1574578363.815 epoch_start: {"value": null, "metadata": {"epoch_num": 3, "file": "train.py", "lineno": 163}}
generated 18213 batches in 2.411251s
got epoch iterator 2.491065740585327
| epoch 003:   1000 / 1139 loss=4.429, nll_loss=0.000, ppl=1.00, wps=624420, ups=5.1, wpb=118873, bsz=3920, num_updates=3273, lr=0.00109223, gnorm=12528.797, clip=100%, oom=0, loss_scale=2.000, wall=674
| epoch 003 | loss 4.423 | nll_loss 0.000 | ppl 1.00 | wps 624386 | ups 5.1 | wpb 118868 | bsz 3911 | num_updates 3411 | lr 0.00106991 | gnorm 12073.480 | clip 100% | oom 0 | loss_scale 2.000 | wall 700
epoch time  217.0451340675354
:::MLL 1574578583.364 epoch_stop: {"value": null, "metadata": {"epoch_num": 3, "file": "train.py", "lineno": 201}}
:::MLL 1574578583.365 eval_start: {"value": null, "metadata": {"epoch_num": 3, "file": "train.py", "lineno": 547}}
generated 58 batches in 0.000680s
| Translated 217 sentences (5665 tokens) in 2.2s (100.10 sentences/s, 2613.12 tokens/s)
| Generate test with beam=4: bleu_score=24.7759
| Eval completed in: 3.50s
:::MLL 1574578586.869 eval_stop: {"value": null, "metadata": {"epoch_num": 3, "file": "train.py", "lineno": 658}}
:::MLL 1574578586.872 eval_accuracy: {"value": "24.77591186761856", "metadata": {"epoch_num": 3, "file": "train.py", "lineno": 211}}
validation and scoring  3.5210375785827637
:::MLL 1574578586.953 block_stop: {"value": null, "metadata": {"first_epoch_num": 3, "file": "train.py", "lineno": 226}}
:::MLL 1574578586.954 block_start: {"value": null, "metadata": {"first_epoch_num": 4, "epoch_count": 1, "file": "train.py", "lineno": 162}}
:::MLL 1574578586.954 epoch_start: {"value": null, "metadata": {"epoch_num": 4, "file": "train.py", "lineno": 163}}
generated 18213 batches in 2.371835s
got epoch iterator 2.450134038925171
| epoch 004:   1000 / 1139 loss=4.282, nll_loss=0.000, ppl=1.00, wps=623994, ups=5.1, wpb=118953, bsz=3914, num_updates=4412, lr=0.000940739, gnorm=9848.777, clip=100%, oom=0, loss_scale=4.000, wall=897
| epoch 004 | loss 4.279 | nll_loss 0.000 | ppl 1.00 | wps 623512 | ups 5.1 | wpb 118868 | bsz 3911 | num_updates 4550 | lr 0.000926363 | gnorm 9617.186 | clip 100% | oom 0 | loss_scale 4.000 | wall 924
epoch time  217.3796751499176
:::MLL 1574578806.789 epoch_stop: {"value": null, "metadata": {"epoch_num": 4, "file": "train.py", "lineno": 201}}
:::MLL 1574578806.790 eval_start: {"value": null, "metadata": {"epoch_num": 4, "file": "train.py", "lineno": 547}}
generated 58 batches in 0.000705s
| Translated 217 sentences (5584 tokens) in 2.0s (106.59 sentences/s, 2742.79 tokens/s)
| Generate test with beam=4: bleu_score=26.4166
| Eval completed in: 3.25s
:::MLL 1574578810.037 eval_stop: {"value": null, "metadata": {"epoch_num": 4, "file": "train.py", "lineno": 658}}
:::MLL 1574578810.040 eval_accuracy: {"value": "26.416602730751038", "metadata": {"epoch_num": 4, "file": "train.py", "lineno": 211}}
validation and scoring  3.2565624713897705
:::MLL 1574578810.122 block_stop: {"value": null, "metadata": {"first_epoch_num": 4, "file": "train.py", "lineno": 226}}
:::MLL 1574578810.122 run_stop: {"value": null, "metadata": {"status": "success", "file": "train.py", "lineno": 231}}
| done training in 914.3 seconds
++ ret_code=0
++ sleep 3
++ [[ 0 != 0 ]]
+++ date +%s
++ END=1574578824
+++ date '+%Y-%m-%d %r'
ENDING TIMING RUN AT 2019-11-24 07:00:24 AM
++ END_FMT='2019-11-24 07:00:24 AM'
++ echo 'ENDING TIMING RUN AT 2019-11-24 07:00:24 AM'
++ RESULT=1006
++ RESULT_NAME=transformer
++ echo 'RESULT,transformer,    12816309,1006,,2019-11-24 06:43:38 AM'
RESULT,transformer,    12816309,1006,,2019-11-24 06:43:38 AM
+ set +x
